2022-11-26 20:57:01,065:INFO:PyCaret Supervised Module
2022-11-26 20:57:01,066:INFO:ML Usecase: regression
2022-11-26 20:57:01,066:INFO:version 2.3.10
2022-11-26 20:57:01,066:INFO:Initializing setup()
2022-11-26 20:57:01,066:INFO:setup(display=None, profile_kwargs=None, profile=False, verbose=True, silent=False, log_data=False, log_profile=False, log_plots=False, experiment_custom_tags=None, experiment_name=None, log_experiment=False, session_id=None, html=True, custom_pipeline=None, use_gpu=False, n_jobs=-1, fold_groups=None, fold_shuffle=False, fold=10, fold_strategy=kfold, data_split_stratify=False, data_split_shuffle=True, transform_target_method=box-cox, transform_target=False, fix_imbalance_method=None, fix_imbalance=False, interaction_threshold=0.01, feature_ratio=False, feature_interaction=False, feature_selection_method=classic, feature_selection_threshold=0.8, feature_selection=False, group_names=None, group_features=None, polynomial_threshold=0.1, trigonometry_features=False, polynomial_degree=2, polynomial_features=False, cluster_iter=20, create_clusters=False, remove_perfect_collinearity=True, multicollinearity_threshold=0.9, remove_multicollinearity=False, outliers_threshold=0.05, remove_outliers=False, bin_numeric_features=None, rare_level_threshold=0.1, combine_rare_levels=False, ignore_low_variance=False, pca_components=None, pca_method=linear, pca=False, unknown_categorical_method=least_frequent, handle_unknown_categorical=True, transformation_method=yeo-johnson, transformation=False, normalize_method=zscore, normalize=False, ignore_features=None, date_features=None, numeric_iterative_imputer=lightgbm, numeric_imputation=mean, numeric_features=None, high_cardinality_method=frequency, high_cardinality_features=None, ordinal_features=None, categorical_iterative_imputer=lightgbm, categorical_imputation=constant, categorical_features=None, iterative_imputation_iters=5, imputation_type=simple, preprocess=True, test_data=None, train_size=0.7, available_plots={'parameter': 'Hyperparameters', 'residuals': 'Residuals', 'error': 'Prediction Error', 'cooks': 'Cooks Distance', 'rfe': 'Feature Selection', 'learning': 'Learning Curve', 'manifold': 'Manifold Learning', 'vc': 'Validation Curve', 'feature': 'Feature Importance', 'feature_all': 'Feature Importance (All)', 'tree': 'Decision Tree', 'residuals_interactive': 'Interactive Residuals'}, ml_usecase=regression, target=song_popularity)
2022-11-26 20:57:01,066:INFO:Checking environment
2022-11-26 20:57:01,066:INFO:python_version: 3.6.13
2022-11-26 20:57:01,066:INFO:python_build: ('default', 'Feb 23 2021 12:58:59')
2022-11-26 20:57:01,066:INFO:machine: x86_64
2022-11-26 20:57:01,106:INFO:platform: Darwin-21.6.0-x86_64-i386-64bit
2022-11-26 20:57:01,108:INFO:Memory: svmem(total=17179869184, available=5465677824, percent=68.2, used=8666804224, free=103907328, active=5360877568, inactive=5250641920, wired=3305926656)
2022-11-26 20:57:01,108:INFO:Physical Core: 2
2022-11-26 20:57:01,108:INFO:Logical Core: 4
2022-11-26 20:57:01,108:INFO:Checking libraries
2022-11-26 20:57:01,108:INFO:pd==1.1.5
2022-11-26 20:57:01,108:INFO:numpy==1.19.2
2022-11-26 20:57:01,109:INFO:sklearn==0.24.2
2022-11-26 20:59:49,838:INFO:PyCaret Supervised Module
2022-11-26 20:59:49,839:INFO:ML Usecase: regression
2022-11-26 20:59:49,840:INFO:version 2.3.10
2022-11-26 20:59:49,840:INFO:Initializing setup()
2022-11-26 20:59:49,840:INFO:setup(display=None, profile_kwargs=None, profile=False, verbose=True, silent=False, log_data=False, log_profile=False, log_plots=False, experiment_custom_tags=None, experiment_name=None, log_experiment=False, session_id=None, html=True, custom_pipeline=None, use_gpu=False, n_jobs=-1, fold_groups=None, fold_shuffle=False, fold=10, fold_strategy=kfold, data_split_stratify=False, data_split_shuffle=True, transform_target_method=box-cox, transform_target=False, fix_imbalance_method=None, fix_imbalance=False, interaction_threshold=0.01, feature_ratio=False, feature_interaction=False, feature_selection_method=classic, feature_selection_threshold=0.8, feature_selection=False, group_names=None, group_features=None, polynomial_threshold=0.1, trigonometry_features=False, polynomial_degree=2, polynomial_features=False, cluster_iter=20, create_clusters=False, remove_perfect_collinearity=True, multicollinearity_threshold=0.9, remove_multicollinearity=False, outliers_threshold=0.05, remove_outliers=False, bin_numeric_features=None, rare_level_threshold=0.1, combine_rare_levels=False, ignore_low_variance=False, pca_components=None, pca_method=linear, pca=False, unknown_categorical_method=least_frequent, handle_unknown_categorical=True, transformation_method=yeo-johnson, transformation=False, normalize_method=zscore, normalize=False, ignore_features=None, date_features=None, numeric_iterative_imputer=lightgbm, numeric_imputation=mean, numeric_features=None, high_cardinality_method=frequency, high_cardinality_features=None, ordinal_features=None, categorical_iterative_imputer=lightgbm, categorical_imputation=constant, categorical_features=None, iterative_imputation_iters=5, imputation_type=simple, preprocess=True, test_data=None, train_size=0.7, available_plots={'parameter': 'Hyperparameters', 'residuals': 'Residuals', 'error': 'Prediction Error', 'cooks': 'Cooks Distance', 'rfe': 'Feature Selection', 'learning': 'Learning Curve', 'manifold': 'Manifold Learning', 'vc': 'Validation Curve', 'feature': 'Feature Importance', 'feature_all': 'Feature Importance (All)', 'tree': 'Decision Tree', 'residuals_interactive': 'Interactive Residuals'}, ml_usecase=regression, target=song_popularity)
2022-11-26 20:59:49,841:INFO:Checking environment
2022-11-26 20:59:49,841:INFO:python_version: 3.6.13
2022-11-26 20:59:49,841:INFO:python_build: ('default', 'Feb 23 2021 12:58:59')
2022-11-26 20:59:49,842:INFO:machine: x86_64
2022-11-26 20:59:49,842:INFO:platform: Darwin-21.6.0-x86_64-i386-64bit
2022-11-26 20:59:49,842:INFO:Memory: svmem(total=17179869184, available=5590110208, percent=67.5, used=8560001024, free=88858624, active=5502337024, inactive=5397835776, wired=3057664000)
2022-11-26 20:59:49,842:INFO:Physical Core: 2
2022-11-26 20:59:49,842:INFO:Logical Core: 4
2022-11-26 20:59:49,842:INFO:Checking libraries
2022-11-26 20:59:49,842:INFO:pd==1.1.5
2022-11-26 20:59:49,843:INFO:numpy==1.19.2
2022-11-26 20:59:49,843:INFO:sklearn==0.24.2
2022-11-26 21:01:04,213:INFO:PyCaret Supervised Module
2022-11-26 21:01:04,215:INFO:ML Usecase: regression
2022-11-26 21:01:04,215:INFO:version 2.3.10
2022-11-26 21:01:04,215:INFO:Initializing setup()
2022-11-26 21:01:04,215:INFO:setup(display=None, profile_kwargs=None, profile=False, verbose=True, silent=False, log_data=False, log_profile=False, log_plots=False, experiment_custom_tags=None, experiment_name=None, log_experiment=False, session_id=None, html=True, custom_pipeline=None, use_gpu=False, n_jobs=-1, fold_groups=None, fold_shuffle=False, fold=10, fold_strategy=kfold, data_split_stratify=False, data_split_shuffle=True, transform_target_method=box-cox, transform_target=False, fix_imbalance_method=None, fix_imbalance=False, interaction_threshold=0.01, feature_ratio=False, feature_interaction=False, feature_selection_method=classic, feature_selection_threshold=0.8, feature_selection=False, group_names=None, group_features=None, polynomial_threshold=0.1, trigonometry_features=False, polynomial_degree=2, polynomial_features=False, cluster_iter=20, create_clusters=False, remove_perfect_collinearity=True, multicollinearity_threshold=0.9, remove_multicollinearity=False, outliers_threshold=0.05, remove_outliers=False, bin_numeric_features=None, rare_level_threshold=0.1, combine_rare_levels=False, ignore_low_variance=False, pca_components=None, pca_method=linear, pca=False, unknown_categorical_method=least_frequent, handle_unknown_categorical=True, transformation_method=yeo-johnson, transformation=False, normalize_method=zscore, normalize=False, ignore_features=None, date_features=None, numeric_iterative_imputer=lightgbm, numeric_imputation=mean, numeric_features=None, high_cardinality_method=frequency, high_cardinality_features=None, ordinal_features=None, categorical_iterative_imputer=lightgbm, categorical_imputation=constant, categorical_features=None, iterative_imputation_iters=5, imputation_type=simple, preprocess=True, test_data=None, train_size=0.7, available_plots={'parameter': 'Hyperparameters', 'residuals': 'Residuals', 'error': 'Prediction Error', 'cooks': 'Cooks Distance', 'rfe': 'Feature Selection', 'learning': 'Learning Curve', 'manifold': 'Manifold Learning', 'vc': 'Validation Curve', 'feature': 'Feature Importance', 'feature_all': 'Feature Importance (All)', 'tree': 'Decision Tree', 'residuals_interactive': 'Interactive Residuals'}, ml_usecase=regression, target=song_popularity)
2022-11-26 21:01:04,215:INFO:Checking environment
2022-11-26 21:01:04,218:INFO:python_version: 3.6.13
2022-11-26 21:01:04,219:INFO:python_build: ('default', 'Feb 23 2021 12:58:59')
2022-11-26 21:01:04,219:INFO:machine: x86_64
2022-11-26 21:01:04,219:INFO:platform: Darwin-21.6.0-x86_64-i386-64bit
2022-11-26 21:01:04,219:INFO:Memory: svmem(total=17179869184, available=5502648320, percent=68.0, used=8687525888, free=21565440, active=5473824768, inactive=5414252544, wired=3213701120)
2022-11-26 21:01:04,220:INFO:Physical Core: 2
2022-11-26 21:01:04,220:INFO:Logical Core: 4
2022-11-26 21:01:04,220:INFO:Checking libraries
2022-11-26 21:01:04,220:INFO:pd==1.1.5
2022-11-26 21:01:04,220:INFO:numpy==1.19.2
2022-11-26 21:01:04,220:INFO:sklearn==0.24.2
2022-11-26 21:03:05,303:INFO:PyCaret Supervised Module
2022-11-26 21:03:05,305:INFO:ML Usecase: regression
2022-11-26 21:03:05,305:INFO:version 2.3.10
2022-11-26 21:03:05,305:INFO:Initializing setup()
2022-11-26 21:03:05,306:INFO:setup(display=None, profile_kwargs=None, profile=False, verbose=True, silent=False, log_data=False, log_profile=False, log_plots=False, experiment_custom_tags=None, experiment_name=None, log_experiment=False, session_id=None, html=True, custom_pipeline=None, use_gpu=False, n_jobs=-1, fold_groups=None, fold_shuffle=False, fold=10, fold_strategy=kfold, data_split_stratify=False, data_split_shuffle=True, transform_target_method=box-cox, transform_target=False, fix_imbalance_method=None, fix_imbalance=False, interaction_threshold=0.01, feature_ratio=False, feature_interaction=False, feature_selection_method=classic, feature_selection_threshold=0.8, feature_selection=False, group_names=None, group_features=None, polynomial_threshold=0.1, trigonometry_features=False, polynomial_degree=2, polynomial_features=False, cluster_iter=20, create_clusters=False, remove_perfect_collinearity=True, multicollinearity_threshold=0.9, remove_multicollinearity=False, outliers_threshold=0.05, remove_outliers=False, bin_numeric_features=None, rare_level_threshold=0.1, combine_rare_levels=False, ignore_low_variance=False, pca_components=None, pca_method=linear, pca=False, unknown_categorical_method=least_frequent, handle_unknown_categorical=True, transformation_method=yeo-johnson, transformation=False, normalize_method=zscore, normalize=False, ignore_features=None, date_features=None, numeric_iterative_imputer=lightgbm, numeric_imputation=mean, numeric_features=None, high_cardinality_method=frequency, high_cardinality_features=None, ordinal_features=None, categorical_iterative_imputer=lightgbm, categorical_imputation=constant, categorical_features=None, iterative_imputation_iters=5, imputation_type=simple, preprocess=True, test_data=None, train_size=0.7, available_plots={'parameter': 'Hyperparameters', 'residuals': 'Residuals', 'error': 'Prediction Error', 'cooks': 'Cooks Distance', 'rfe': 'Feature Selection', 'learning': 'Learning Curve', 'manifold': 'Manifold Learning', 'vc': 'Validation Curve', 'feature': 'Feature Importance', 'feature_all': 'Feature Importance (All)', 'tree': 'Decision Tree', 'residuals_interactive': 'Interactive Residuals'}, ml_usecase=regression, target=song_popularity)
2022-11-26 21:03:05,306:INFO:Checking environment
2022-11-26 21:03:05,306:INFO:python_version: 3.6.13
2022-11-26 21:03:05,306:INFO:python_build: ('default', 'Feb 23 2021 12:58:59')
2022-11-26 21:03:05,306:INFO:machine: x86_64
2022-11-26 21:03:05,306:INFO:platform: Darwin-21.6.0-x86_64-i386-64bit
2022-11-26 21:03:05,307:INFO:Memory: svmem(total=17179869184, available=5572669440, percent=67.6, used=8666906624, free=72679424, active=5501968384, inactive=5432725504, wired=3164938240)
2022-11-26 21:03:05,307:INFO:Physical Core: 2
2022-11-26 21:03:05,307:INFO:Logical Core: 4
2022-11-26 21:03:05,308:INFO:Checking libraries
2022-11-26 21:03:05,308:INFO:pd==1.1.5
2022-11-26 21:03:05,308:INFO:numpy==1.19.2
2022-11-26 21:03:05,309:INFO:sklearn==0.24.2
2022-11-26 21:07:38,544:INFO:PyCaret Supervised Module
2022-11-26 21:07:38,545:INFO:ML Usecase: regression
2022-11-26 21:07:38,545:INFO:version 2.3.10
2022-11-26 21:07:38,545:INFO:Initializing setup()
2022-11-26 21:07:38,545:INFO:setup(display=None, profile_kwargs=None, profile=False, verbose=True, silent=False, log_data=False, log_profile=False, log_plots=False, experiment_custom_tags=None, experiment_name=None, log_experiment=False, session_id=None, html=True, custom_pipeline=None, use_gpu=False, n_jobs=-1, fold_groups=None, fold_shuffle=False, fold=10, fold_strategy=kfold, data_split_stratify=False, data_split_shuffle=True, transform_target_method=box-cox, transform_target=False, fix_imbalance_method=None, fix_imbalance=False, interaction_threshold=0.01, feature_ratio=False, feature_interaction=False, feature_selection_method=classic, feature_selection_threshold=0.8, feature_selection=False, group_names=None, group_features=None, polynomial_threshold=0.1, trigonometry_features=False, polynomial_degree=2, polynomial_features=False, cluster_iter=20, create_clusters=False, remove_perfect_collinearity=True, multicollinearity_threshold=0.9, remove_multicollinearity=False, outliers_threshold=0.05, remove_outliers=False, bin_numeric_features=None, rare_level_threshold=0.1, combine_rare_levels=False, ignore_low_variance=False, pca_components=None, pca_method=linear, pca=False, unknown_categorical_method=least_frequent, handle_unknown_categorical=True, transformation_method=yeo-johnson, transformation=False, normalize_method=zscore, normalize=False, ignore_features=None, date_features=None, numeric_iterative_imputer=lightgbm, numeric_imputation=mean, numeric_features=None, high_cardinality_method=frequency, high_cardinality_features=None, ordinal_features=None, categorical_iterative_imputer=lightgbm, categorical_imputation=constant, categorical_features=None, iterative_imputation_iters=5, imputation_type=simple, preprocess=True, test_data=None, train_size=0.7, available_plots={'parameter': 'Hyperparameters', 'residuals': 'Residuals', 'error': 'Prediction Error', 'cooks': 'Cooks Distance', 'rfe': 'Feature Selection', 'learning': 'Learning Curve', 'manifold': 'Manifold Learning', 'vc': 'Validation Curve', 'feature': 'Feature Importance', 'feature_all': 'Feature Importance (All)', 'tree': 'Decision Tree', 'residuals_interactive': 'Interactive Residuals'}, ml_usecase=regression, target=song_popularity)
2022-11-26 21:07:38,545:INFO:Checking environment
2022-11-26 21:07:38,546:INFO:python_version: 3.6.13
2022-11-26 21:07:38,546:INFO:python_build: ('default', 'Feb 23 2021 12:58:59')
2022-11-26 21:07:38,546:INFO:machine: x86_64
2022-11-26 21:07:38,576:INFO:platform: Darwin-21.6.0-x86_64-i386-64bit
2022-11-26 21:07:38,579:INFO:Memory: svmem(total=17179869184, available=6403624960, percent=62.7, used=8245010432, free=1334468608, active=5069975552, inactive=4856664064, wired=3175034880)
2022-11-26 21:07:38,580:INFO:Physical Core: 2
2022-11-26 21:07:38,580:INFO:Logical Core: 4
2022-11-26 21:07:38,580:INFO:Checking libraries
2022-11-26 21:07:38,580:INFO:pd==1.1.5
2022-11-26 21:07:38,581:INFO:numpy==1.19.3
2022-11-26 21:07:38,581:INFO:sklearn==0.23.2
2022-11-26 21:07:38,582:INFO:lightgbm==3.3.3
2022-11-26 21:07:38,584:WARNING:catboost not found
2022-11-26 21:07:38,584:WARNING:xgboost not found
2022-11-26 21:07:38,585:INFO:mlflow==1.23.1
2022-11-26 21:07:38,586:INFO:Checking Exceptions
